<?xml version="1.0" encoding="UTF-8"?>
<!-- Generated by org.testng.reporters.JUnitXMLReporter -->
<testsuite ignored="0" hostname="DESKTOP-1ANJ5AJ" failures="0" tests="6" name="Default test" time="9.632" errors="0" timestamp="01 Jun 2024 08:51:28 GMT">
  <testcase classname="api.test.DDTests" name="testPostuser" time="2.337"/>
  <testcase classname="api.test.DDTests" name="testPostuser" time="1.346"/>
  <testcase classname="api.test.DDTests" name="testPostuser" time="1.295"/>
  <testcase classname="api.test.DDTests" name="testDeleteUserByName" time="1.364"/>
  <testcase classname="api.test.DDTests" name="testDeleteUserByName" time="1.344"/>
  <testcase classname="api.test.DDTests" name="testDeleteUserByName" time="1.348"/>
</testsuite> <!-- Default test -->
